#
# There is insufficient memory for the Java Runtime Environment to continue.
# Native memory allocation (malloc) failed to allocate 258336 bytes for Chunk::new
# Possible reasons:
#   The system is out of physical RAM or swap space
#   The process is running with CompressedOops enabled, and the Java Heap may be blocking the growth of the native heap
# Possible solutions:
#   Reduce memory load on the system
#   Increase physical memory or swap space
#   Check if swap backing store is full
#   Decrease Java heap size (-Xmx/-Xms)
#   Decrease number of Java threads
#   Decrease Java thread stack sizes (-Xss)
#   Set larger code cache with -XX:ReservedCodeCacheSize=
#   JVM is running with Unscaled Compressed Oops mode in which the Java heap is
#     placed in the first 4GB address space. The Java Heap base address is the
#     maximum limit for the native heap growth. Please use -XX:HeapBaseMinAddress
#     to set the Java Heap base and to place the Java Heap above 4GB virtual address.
# This output file may be truncated or incomplete.
#
#  Out of Memory Error (arena.cpp:189), pid=16832, tid=22700
#
# JRE version: Java(TM) SE Runtime Environment (17.0.8+9) (build 17.0.8+9-LTS-211)
# Java VM: Java HotSpot(TM) 64-Bit Server VM (17.0.8+9-LTS-211, mixed mode, sharing, tiered, compressed oops, compressed class ptrs, g1 gc, windows-amd64)
# No core dump will be written. Minidumps are not enabled by default on client versions of Windows
#

---------------  S U M M A R Y ------------

Command Line: -javaagent:C:\Program Files\JetBrains\IntelliJ IDEA Community Edition 2023.1.4\lib\idea_rt.jar=51550:C:\Program Files\JetBrains\IntelliJ IDEA Community Edition 2023.1.4\bin -Dfile.encoding=UTF-8 com.test.springbootkafka.SpringbootKafkaApplication

Host: Intel(R) Core(TM) i5-8250U CPU @ 1.60GHz, 8 cores, 7G,  Windows 10 , 64 bit Build 19041 (10.0.19041.3155)
Time: Tue Aug 22 09:53:27 2023 Afr. centrale Ouest elapsed time: 2.406824 seconds (0d 0h 0m 2s)

---------------  T H R E A D  ---------------

Current thread (0x000001760435ca60):  JavaThread "C2 CompilerThread0" daemon [_thread_in_native, id=22700, stack(0x00000069a5b00000,0x00000069a5c00000)]


Current CompileTask:
C2:   2406 1452       4       jdk.internal.loader.URLClassPath::getResource (74 bytes)

Stack: [0x00000069a5b00000,0x00000069a5c00000]
Native frames: (J=compiled Java code, j=interpreted, Vv=VM code, C=native code)
V  [jvm.dll+0x677d0a]
V  [jvm.dll+0x7d8c54]
V  [jvm.dll+0x7da3fe]
V  [jvm.dll+0x7daa63]
V  [jvm.dll+0x245c5f]
V  [jvm.dll+0xaaa6b]
V  [jvm.dll+0xab00c]
V  [jvm.dll+0x2ab5cf]
V  [jvm.dll+0x580435]
V  [jvm.dll+0x220b22]
V  [jvm.dll+0x220eff]
V  [jvm.dll+0x219e56]
V  [jvm.dll+0x217329]
V  [jvm.dll+0x1a3af0]
V  [jvm.dll+0x2270be]
V  [jvm.dll+0x22535b]
V  [jvm.dll+0x78e7bc]
V  [jvm.dll+0x788bba]
V  [jvm.dll+0x676b35]
C  [ucrtbase.dll+0x21bb2]
C  [KERNEL32.DLL+0x17614]
C  [ntdll.dll+0x526b1]


---------------  P R O C E S S  ---------------

Threads class SMR info:
_java_thread_list=0x000001764a730e40, length=14, elements={
0x00000176661f5e60, 0x000001760433a7f0, 0x000001760433b570, 0x000001760434b3b0,
0x000001760434ed90, 0x000001760434fdf0, 0x0000017604350e50, 0x000001760435ca60,
0x0000017604361420, 0x0000017604363d30, 0x00000176045a5bd0, 0x000001760476ba10,
0x0000017604813a80, 0x000001764a661010
}

Java Threads: ( => current thread )
  0x00000176661f5e60 JavaThread "main" [_thread_in_vm, id=24212, stack(0x00000069a4e00000,0x00000069a4f00000)]
  0x000001760433a7f0 JavaThread "Reference Handler" daemon [_thread_blocked, id=10064, stack(0x00000069a5500000,0x00000069a5600000)]
  0x000001760433b570 JavaThread "Finalizer" daemon [_thread_blocked, id=9048, stack(0x00000069a5600000,0x00000069a5700000)]
  0x000001760434b3b0 JavaThread "Signal Dispatcher" daemon [_thread_blocked, id=34036, stack(0x00000069a5700000,0x00000069a5800000)]
  0x000001760434ed90 JavaThread "Attach Listener" daemon [_thread_blocked, id=7216, stack(0x00000069a5800000,0x00000069a5900000)]
  0x000001760434fdf0 JavaThread "Service Thread" daemon [_thread_blocked, id=37680, stack(0x00000069a5900000,0x00000069a5a00000)]
  0x0000017604350e50 JavaThread "Monitor Deflation Thread" daemon [_thread_blocked, id=4504, stack(0x00000069a5a00000,0x00000069a5b00000)]
=>0x000001760435ca60 JavaThread "C2 CompilerThread0" daemon [_thread_in_native, id=22700, stack(0x00000069a5b00000,0x00000069a5c00000)]
  0x0000017604361420 JavaThread "C1 CompilerThread0" daemon [_thread_blocked, id=11704, stack(0x00000069a5c00000,0x00000069a5d00000)]
  0x0000017604363d30 JavaThread "Sweeper thread" daemon [_thread_blocked, id=39712, stack(0x00000069a5d00000,0x00000069a5e00000)]
  0x00000176045a5bd0 JavaThread "Common-Cleaner" daemon [_thread_blocked, id=20716, stack(0x00000069a5e00000,0x00000069a5f00000)]
  0x000001760476ba10 JavaThread "Monitor Ctrl-Break" daemon [_thread_in_native, id=11256, stack(0x00000069a5f00000,0x00000069a6000000)]
  0x0000017604813a80 JavaThread "Notification Thread" daemon [_thread_blocked, id=13404, stack(0x00000069a6000000,0x00000069a6100000)]
  0x000001764a661010 JavaThread "background-preinit" [_thread_in_Java, id=26012, stack(0x00000069a6900000,0x00000069a6a00000)]

Other Threads:
  0x0000017604334c80 VMThread "VM Thread" [stack: 0x00000069a5400000,0x00000069a5500000] [id=24356]
  0x0000017604836a10 WatcherThread [stack: 0x00000069a6100000,0x00000069a6200000] [id=7676]
  0x0000017666251170 GCTaskThread "GC Thread#0" [stack: 0x00000069a4f00000,0x00000069a5000000] [id=17780]
  0x000001764a61e580 GCTaskThread "GC Thread#1" [stack: 0x00000069a6200000,0x00000069a6300000] [id=36996]
  0x000001764a61e830 GCTaskThread "GC Thread#2" [stack: 0x00000069a6300000,0x00000069a6400000] [id=20200]
  0x000001764a69a850 GCTaskThread "GC Thread#3" [stack: 0x00000069a6400000,0x00000069a6500000] [id=32468]
  0x000001764a74fa60 GCTaskThread "GC Thread#4" [stack: 0x00000069a6500000,0x00000069a6600000] [id=40744]
  0x000001764a74fd10 GCTaskThread "GC Thread#5" [stack: 0x00000069a6600000,0x00000069a6700000] [id=8596]
  0x000001764a639980 GCTaskThread "GC Thread#6" [stack: 0x00000069a6700000,0x00000069a6800000] [id=7480]
  0x000001764a63a0b0 GCTaskThread "GC Thread#7" [stack: 0x00000069a6800000,0x00000069a6900000] [id=42404]
  0x0000017666262d50 ConcurrentGCThread "G1 Main Marker" [stack: 0x00000069a5000000,0x00000069a5100000] [id=39824]
  0x0000017666263e10 ConcurrentGCThread "G1 Conc#0" [stack: 0x00000069a5100000,0x00000069a5200000] [id=9824]
  0x00000176662cd1b0 ConcurrentGCThread "G1 Refine#0" [stack: 0x00000069a5200000,0x00000069a5300000] [id=964]
  0x00000176662cdae0 ConcurrentGCThread "G1 Service" [stack: 0x00000069a5300000,0x00000069a5400000] [id=5800]

Threads with active compile tasks:
C2 CompilerThread0     2453 1452       4       jdk.internal.loader.URLClassPath::getResource (74 bytes)

VM state: not at safepoint (normal execution)

VM Mutex/Monitor currently owned by a thread: None

Heap address: 0x0000000081400000, size: 2028 MB, Compressed Oops mode: 32-bit

CDS archive(s) mapped at: [0x0000017605000000-0x0000017605bd0000-0x0000017605bd0000), size 12386304, SharedBaseAddress: 0x0000017605000000, ArchiveRelocationMode: 1.
Compressed class space mapped at: 0x0000017606000000-0x0000017646000000, reserved size: 1073741824
Narrow klass base: 0x0000017605000000, Narrow klass shift: 0, Narrow klass range: 0x100000000

GC Precious Log:
 CPUs: 8 total, 8 available
 Memory: 8107M
 Large Page Support: Disabled
 NUMA Support: Disabled
 Compressed Oops: Enabled (32-bit)
 Heap Region Size: 1M
 Heap Min Capacity: 8M
 Heap Initial Capacity: 128M
 Heap Max Capacity: 2028M
 Pre-touch: Disabled
 Parallel Workers: 8
 Concurrent Workers: 2
 Concurrent Refinement Workers: 8
 Periodic GC: Disabled

Heap:
 garbage-first heap   total 131072K, used 13696K [0x0000000081400000, 0x0000000100000000)
  region size 1024K, 13 young (13312K), 3 survivors (3072K)
 Metaspace       used 9148K, committed 9408K, reserved 1114112K
  class space    used 1142K, committed 1280K, reserved 1048576K

Heap Regions: E=young(eden), S=young(survivor), O=old, HS=humongous(starts), HC=humongous(continues), CS=collection set, F=free, OA=open archive, CA=closed archive, TAMS=top-at-mark-start (previous, next)
|   0|0x0000000081400000, 0x0000000081500000, 0x0000000081500000|100%| O|  |TAMS 0x0000000081400000, 0x0000000081400000| Untracked 
|   1|0x0000000081500000, 0x0000000081600000, 0x0000000081600000|100%| O|  |TAMS 0x0000000081500000, 0x0000000081500000| Untracked 
|   2|0x0000000081600000, 0x0000000081660000, 0x0000000081700000| 37%| O|  |TAMS 0x0000000081600000, 0x0000000081600000| Untracked 
|   3|0x0000000081700000, 0x0000000081700000, 0x0000000081800000|  0%| F|  |TAMS 0x0000000081700000, 0x0000000081700000| Untracked 
|   4|0x0000000081800000, 0x0000000081800000, 0x0000000081900000|  0%| F|  |TAMS 0x0000000081800000, 0x0000000081800000| Untracked 
|   5|0x0000000081900000, 0x0000000081900000, 0x0000000081a00000|  0%| F|  |TAMS 0x0000000081900000, 0x0000000081900000| Untracked 
|   6|0x0000000081a00000, 0x0000000081a00000, 0x0000000081b00000|  0%| F|  |TAMS 0x0000000081a00000, 0x0000000081a00000| Untracked 
|   7|0x0000000081b00000, 0x0000000081b00000, 0x0000000081c00000|  0%| F|  |TAMS 0x0000000081b00000, 0x0000000081b00000| Untracked 
|   8|0x0000000081c00000, 0x0000000081c00000, 0x0000000081d00000|  0%| F|  |TAMS 0x0000000081c00000, 0x0000000081c00000| Untracked 
|   9|0x0000000081d00000, 0x0000000081d00000, 0x0000000081e00000|  0%| F|  |TAMS 0x0000000081d00000, 0x0000000081d00000| Untracked 
|  10|0x0000000081e00000, 0x0000000081e00000, 0x0000000081f00000|  0%| F|  |TAMS 0x0000000081e00000, 0x0000000081e00000| Untracked 
|  11|0x0000000081f00000, 0x0000000081f00000, 0x0000000082000000|  0%| F|  |TAMS 0x0000000081f00000, 0x0000000081f00000| Untracked 
|  12|0x0000000082000000, 0x0000000082000000, 0x0000000082100000|  0%| F|  |TAMS 0x0000000082000000, 0x0000000082000000| Untracked 
|  13|0x0000000082100000, 0x0000000082100000, 0x0000000082200000|  0%| F|  |TAMS 0x0000000082100000, 0x0000000082100000| Untracked 
|  14|0x0000000082200000, 0x0000000082200000, 0x0000000082300000|  0%| F|  |TAMS 0x0000000082200000, 0x0000000082200000| Untracked 
|  15|0x0000000082300000, 0x0000000082300000, 0x0000000082400000|  0%| F|  |TAMS 0x0000000082300000, 0x0000000082300000| Untracked 
|  16|0x0000000082400000, 0x0000000082400000, 0x0000000082500000|  0%| F|  |TAMS 0x0000000082400000, 0x0000000082400000| Untracked 
|  17|0x0000000082500000, 0x0000000082500000, 0x0000000082600000|  0%| F|  |TAMS 0x0000000082500000, 0x0000000082500000| Untracked 
|  18|0x0000000082600000, 0x0000000082600000, 0x0000000082700000|  0%| F|  |TAMS 0x0000000082600000, 0x0000000082600000| Untracked 
|  19|0x0000000082700000, 0x0000000082700000, 0x0000000082800000|  0%| F|  |TAMS 0x0000000082700000, 0x0000000082700000| Untracked 
|  20|0x0000000082800000, 0x0000000082800000, 0x0000000082900000|  0%| F|  |TAMS 0x0000000082800000, 0x0000000082800000| Untracked 
|  21|0x0000000082900000, 0x0000000082900000, 0x0000000082a00000|  0%| F|  |TAMS 0x0000000082900000, 0x0000000082900000| Untracked 
|  22|0x0000000082a00000, 0x0000000082a00000, 0x0000000082b00000|  0%| F|  |TAMS 0x0000000082a00000, 0x0000000082a00000| Untracked 
|  23|0x0000000082b00000, 0x0000000082b00000, 0x0000000082c00000|  0%| F|  |TAMS 0x0000000082b00000, 0x0000000082b00000| Untracked 
|  24|0x0000000082c00000, 0x0000000082c00000, 0x0000000082d00000|  0%| F|  |TAMS 0x0000000082c00000, 0x0000000082c00000| Untracked 
|  25|0x0000000082d00000, 0x0000000082d00000, 0x0000000082e00000|  0%| F|  |TAMS 0x0000000082d00000, 0x0000000082d00000| Untracked 
|  26|0x0000000082e00000, 0x0000000082e00000, 0x0000000082f00000|  0%| F|  |TAMS 0x0000000082e00000, 0x0000000082e00000| Untracked 
|  27|0x0000000082f00000, 0x0000000082f00000, 0x0000000083000000|  0%| F|  |TAMS 0x0000000082f00000, 0x0000000082f00000| Untracked 
|  28|0x0000000083000000, 0x0000000083000000, 0x0000000083100000|  0%| F|  |TAMS 0x0000000083000000, 0x0000000083000000| Untracked 
|  29|0x0000000083100000, 0x0000000083100000, 0x0000000083200000|  0%| F|  |TAMS 0x0000000083100000, 0x0000000083100000| Untracked 
|  30|0x0000000083200000, 0x0000000083200000, 0x0000000083300000|  0%| F|  |TAMS 0x0000000083200000, 0x0000000083200000| Untracked 
|  31|0x0000000083300000, 0x0000000083300000, 0x0000000083400000|  0%| F|  |TAMS 0x0000000083300000, 0x0000000083300000| Untracked 
|  32|0x0000000083400000, 0x0000000083400000, 0x0000000083500000|  0%| F|  |TAMS 0x0000000083400000, 0x0000000083400000| Untracked 
|  33|0x0000000083500000, 0x0000000083500000, 0x0000000083600000|  0%| F|  |TAMS 0x0000000083500000, 0x0000000083500000| Untracked 
|  34|0x0000000083600000, 0x0000000083600000, 0x0000000083700000|  0%| F|  |TAMS 0x0000000083600000, 0x0000000083600000| Untracked 
|  35|0x0000000083700000, 0x0000000083700000, 0x0000000083800000|  0%| F|  |TAMS 0x0000000083700000, 0x0000000083700000| Untracked 
|  36|0x0000000083800000, 0x0000000083800000, 0x0000000083900000|  0%| F|  |TAMS 0x0000000083800000, 0x0000000083800000| Untracked 
|  37|0x0000000083900000, 0x0000000083900000, 0x0000000083a00000|  0%| F|  |TAMS 0x0000000083900000, 0x0000000083900000| Untracked 
|  38|0x0000000083a00000, 0x0000000083a00000, 0x0000000083b00000|  0%| F|  |TAMS 0x0000000083a00000, 0x0000000083a00000| Untracked 
|  39|0x0000000083b00000, 0x0000000083b00000, 0x0000000083c00000|  0%| F|  |TAMS 0x0000000083b00000, 0x0000000083b00000| Untracked 
|  40|0x0000000083c00000, 0x0000000083c00000, 0x0000000083d00000|  0%| F|  |TAMS 0x0000000083c00000, 0x0000000083c00000| Untracked 
|  41|0x0000000083d00000, 0x0000000083d00000, 0x0000000083e00000|  0%| F|  |TAMS 0x0000000083d00000, 0x0000000083d00000| Untracked 
|  42|0x0000000083e00000, 0x0000000083e00000, 0x0000000083f00000|  0%| F|  |TAMS 0x0000000083e00000, 0x0000000083e00000| Untracked 
|  43|0x0000000083f00000, 0x0000000083f00000, 0x0000000084000000|  0%| F|  |TAMS 0x0000000083f00000, 0x0000000083f00000| Untracked 
|  44|0x0000000084000000, 0x0000000084000000, 0x0000000084100000|  0%| F|  |TAMS 0x0000000084000000, 0x0000000084000000| Untracked 
|  45|0x0000000084100000, 0x0000000084100000, 0x0000000084200000|  0%| F|  |TAMS 0x0000000084100000, 0x0000000084100000| Untracked 
|  46|0x0000000084200000, 0x0000000084200000, 0x0000000084300000|  0%| F|  |TAMS 0x0000000084200000, 0x0000000084200000| Untracked 
|  47|0x0000000084300000, 0x0000000084300000, 0x0000000084400000|  0%| F|  |TAMS 0x0000000084300000, 0x0000000084300000| Untracked 
|  48|0x0000000084400000, 0x0000000084400000, 0x0000000084500000|  0%| F|  |TAMS 0x0000000084400000, 0x0000000084400000| Untracked 
|  49|0x0000000084500000, 0x0000000084500000, 0x0000000084600000|  0%| F|  |TAMS 0x0000000084500000, 0x0000000084500000| Untracked 
|  50|0x0000000084600000, 0x0000000084600000, 0x0000000084700000|  0%| F|  |TAMS 0x0000000084600000, 0x0000000084600000| Untracked 
|  51|0x0000000084700000, 0x0000000084700000, 0x0000000084800000|  0%| F|  |TAMS 0x0000000084700000, 0x0000000084700000| Untracked 
|  52|0x0000000084800000, 0x0000000084800000, 0x0000000084900000|  0%| F|  |TAMS 0x0000000084800000, 0x0000000084800000| Untracked 
|  53|0x0000000084900000, 0x0000000084900000, 0x0000000084a00000|  0%| F|  |TAMS 0x0000000084900000, 0x0000000084900000| Untracked 
|  54|0x0000000084a00000, 0x0000000084a00000, 0x0000000084b00000|  0%| F|  |TAMS 0x0000000084a00000, 0x0000000084a00000| Untracked 
|  55|0x0000000084b00000, 0x0000000084b00000, 0x0000000084c00000|  0%| F|  |TAMS 0x0000000084b00000, 0x0000000084b00000| Untracked 
|  56|0x0000000084c00000, 0x0000000084c00000, 0x0000000084d00000|  0%| F|  |TAMS 0x0000000084c00000, 0x0000000084c00000| Untracked 
|  57|0x0000000084d00000, 0x0000000084d00000, 0x0000000084e00000|  0%| F|  |TAMS 0x0000000084d00000, 0x0000000084d00000| Untracked 
|  58|0x0000000084e00000, 0x0000000084e00000, 0x0000000084f00000|  0%| F|  |TAMS 0x0000000084e00000, 0x0000000084e00000| Untracked 
|  59|0x0000000084f00000, 0x0000000084f00000, 0x0000000085000000|  0%| F|  |TAMS 0x0000000084f00000, 0x0000000084f00000| Untracked 
|  60|0x0000000085000000, 0x0000000085000000, 0x0000000085100000|  0%| F|  |TAMS 0x0000000085000000, 0x0000000085000000| Untracked 
|  61|0x0000000085100000, 0x0000000085100000, 0x0000000085200000|  0%| F|  |TAMS 0x0000000085100000, 0x0000000085100000| Untracked 
|  62|0x0000000085200000, 0x0000000085200000, 0x0000000085300000|  0%| F|  |TAMS 0x0000000085200000, 0x0000000085200000| Untracked 
|  63|0x0000000085300000, 0x0000000085300000, 0x0000000085400000|  0%| F|  |TAMS 0x0000000085300000, 0x0000000085300000| Untracked 
|  64|0x0000000085400000, 0x0000000085400000, 0x0000000085500000|  0%| F|  |TAMS 0x0000000085400000, 0x0000000085400000| Untracked 
|  65|0x0000000085500000, 0x0000000085500000, 0x0000000085600000|  0%| F|  |TAMS 0x0000000085500000, 0x0000000085500000| Untracked 
|  66|0x0000000085600000, 0x0000000085600000, 0x0000000085700000|  0%| F|  |TAMS 0x0000000085600000, 0x0000000085600000| Untracked 
|  67|0x0000000085700000, 0x0000000085700000, 0x0000000085800000|  0%| F|  |TAMS 0x0000000085700000, 0x0000000085700000| Untracked 
|  68|0x0000000085800000, 0x0000000085800000, 0x0000000085900000|  0%| F|  |TAMS 0x0000000085800000, 0x0000000085800000| Untracked 
|  69|0x0000000085900000, 0x0000000085900000, 0x0000000085a00000|  0%| F|  |TAMS 0x0000000085900000, 0x0000000085900000| Untracked 
|  70|0x0000000085a00000, 0x0000000085a00000, 0x0000000085b00000|  0%| F|  |TAMS 0x0000000085a00000, 0x0000000085a00000| Untracked 
|  71|0x0000000085b00000, 0x0000000085b00000, 0x0000000085c00000|  0%| F|  |TAMS 0x0000000085b00000, 0x0000000085b00000| Untracked 
|  72|0x0000000085c00000, 0x0000000085c00000, 0x0000000085d00000|  0%| F|  |TAMS 0x0000000085c00000, 0x0000000085c00000| Untracked 
|  73|0x0000000085d00000, 0x0000000085d00000, 0x0000000085e00000|  0%| F|  |TAMS 0x0000000085d00000, 0x0000000085d00000| Untracked 
|  74|0x0000000085e00000, 0x0000000085e00000, 0x0000000085f00000|  0%| F|  |TAMS 0x0000000085e00000, 0x0000000085e00000| Untracked 
|  75|0x0000000085f00000, 0x0000000085f00000, 0x0000000086000000|  0%| F|  |TAMS 0x0000000085f00000, 0x0000000085f00000| Untracked 
|  76|0x0000000086000000, 0x0000000086000000, 0x0000000086100000|  0%| F|  |TAMS 0x0000000086000000, 0x0000000086000000| Untracked 
|  77|0x0000000086100000, 0x0000000086100000, 0x0000000086200000|  0%| F|  |TAMS 0x0000000086100000, 0x0000000086100000| Untracked 
|  78|0x0000000086200000, 0x0000000086200000, 0x0000000086300000|  0%| F|  |TAMS 0x0000000086200000, 0x0000000086200000| Untracked 
|  79|0x0000000086300000, 0x0000000086300000, 0x0000000086400000|  0%| F|  |TAMS 0x0000000086300000, 0x0000000086300000| Untracked 
|  80|0x0000000086400000, 0x0000000086400000, 0x0000000086500000|  0%| F|  |TAMS 0x0000000086400000, 0x0000000086400000| Untracked 
|  81|0x0000000086500000, 0x0000000086500000, 0x0000000086600000|  0%| F|  |TAMS 0x0000000086500000, 0x0000000086500000| Untracked 
|  82|0x0000000086600000, 0x0000000086600000, 0x0000000086700000|  0%| F|  |TAMS 0x0000000086600000, 0x0000000086600000| Untracked 
|  83|0x0000000086700000, 0x0000000086700000, 0x0000000086800000|  0%| F|  |TAMS 0x0000000086700000, 0x0000000086700000| Untracked 
|  84|0x0000000086800000, 0x0000000086800000, 0x0000000086900000|  0%| F|  |TAMS 0x0000000086800000, 0x0000000086800000| Untracked 
|  85|0x0000000086900000, 0x0000000086900000, 0x0000000086a00000|  0%| F|  |TAMS 0x0000000086900000, 0x0000000086900000| Untracked 
|  86|0x0000000086a00000, 0x0000000086a00000, 0x0000000086b00000|  0%| F|  |TAMS 0x0000000086a00000, 0x0000000086a00000| Untracked 
|  87|0x0000000086b00000, 0x0000000086b00000, 0x0000000086c00000|  0%| F|  |TAMS 0x0000000086b00000, 0x0000000086b00000| Untracked 
|  88|0x0000000086c00000, 0x0000000086c00000, 0x0000000086d00000|  0%| F|  |TAMS 0x0000000086c00000, 0x0000000086c00000| Untracked 
|  89|0x0000000086d00000, 0x0000000086d00000, 0x0000000086e00000|  0%| F|  |TAMS 0x0000000086d00000, 0x0000000086d00000| Untracked 
|  90|0x0000000086e00000, 0x0000000086e00000, 0x0000000086f00000|  0%| F|  |TAMS 0x0000000086e00000, 0x0000000086e00000| Untracked 
|  91|0x0000000086f00000, 0x0000000086f00000, 0x0000000087000000|  0%| F|  |TAMS 0x0000000086f00000, 0x0000000086f00000| Untracked 
|  92|0x0000000087000000, 0x0000000087000000, 0x0000000087100000|  0%| F|  |TAMS 0x0000000087000000, 0x0000000087000000| Untracked 
|  93|0x0000000087100000, 0x0000000087100000, 0x0000000087200000|  0%| F|  |TAMS 0x0000000087100000, 0x0000000087100000| Untracked 
|  94|0x0000000087200000, 0x0000000087200000, 0x0000000087300000|  0%| F|  |TAMS 0x0000000087200000, 0x0000000087200000| Untracked 
|  95|0x0000000087300000, 0x0000000087300000, 0x0000000087400000|  0%| F|  |TAMS 0x0000000087300000, 0x0000000087300000| Untracked 
|  96|0x0000000087400000, 0x0000000087400000, 0x0000000087500000|  0%| F|  |TAMS 0x0000000087400000, 0x0000000087400000| Untracked 
|  97|0x0000000087500000, 0x0000000087500000, 0x0000000087600000|  0%| F|  |TAMS 0x0000000087500000, 0x0000000087500000| Untracked 
|  98|0x0000000087600000, 0x0000000087600000, 0x0000000087700000|  0%| F|  |TAMS 0x0000000087600000, 0x0000000087600000| Untracked 
|  99|0x0000000087700000, 0x0000000087700000, 0x0000000087800000|  0%| F|  |TAMS 0x0000000087700000, 0x0000000087700000| Untracked 
| 100|0x0000000087800000, 0x0000000087800000, 0x0000000087900000|  0%| F|  |TAMS 0x0000000087800000, 0x0000000087800000| Untracked 
| 101|0x0000000087900000, 0x0000000087900000, 0x0000000087a00000|  0%| F|  |TAMS 0x0000000087900000, 0x0000000087900000| Untracked 
| 102|0x0000000087a00000, 0x0000000087b00000, 0x0000000087b00000|100%| S|CS|TAMS 0x0000000087a00000, 0x0000000087a00000| Complete 
| 103|0x0000000087b00000, 0x0000000087c00000, 0x0000000087c00000|100%| S|CS|TAMS 0x0000000087b00000, 0x0000000087b00000| Complete 
| 104|0x0000000087c00000, 0x0000000087d00000, 0x0000000087d00000|100%| S|CS|TAMS 0x0000000087c00000, 0x0000000087c00000| Complete 
| 105|0x0000000087d00000, 0x0000000087d00000, 0x0000000087e00000|  0%| F|  |TAMS 0x0000000087d00000, 0x0000000087d00000| Untracked 
| 106|0x0000000087e00000, 0x0000000087e00000, 0x0000000087f00000|  0%| F|  |TAMS 0x0000000087e00000, 0x0000000087e00000| Untracked 
| 107|0x0000000087f00000, 0x0000000087f00000, 0x0000000088000000|  0%| F|  |TAMS 0x0000000087f00000, 0x0000000087f00000| Untracked 
| 108|0x0000000088000000, 0x0000000088000000, 0x0000000088100000|  0%| F|  |TAMS 0x0000000088000000, 0x0000000088000000| Untracked 
| 109|0x0000000088100000, 0x0000000088100000, 0x0000000088200000|  0%| F|  |TAMS 0x0000000088100000, 0x0000000088100000| Untracked 
| 110|0x0000000088200000, 0x0000000088200000, 0x0000000088300000|  0%| F|  |TAMS 0x0000000088200000, 0x0000000088200000| Untracked 
| 111|0x0000000088300000, 0x0000000088300000, 0x0000000088400000|  0%| F|  |TAMS 0x0000000088300000, 0x0000000088300000| Untracked 
| 112|0x0000000088400000, 0x0000000088400000, 0x0000000088500000|  0%| F|  |TAMS 0x0000000088400000, 0x0000000088400000| Untracked 
| 113|0x0000000088500000, 0x0000000088500000, 0x0000000088600000|  0%| F|  |TAMS 0x0000000088500000, 0x0000000088500000| Untracked 
| 114|0x0000000088600000, 0x0000000088600000, 0x0000000088700000|  0%| F|  |TAMS 0x0000000088600000, 0x0000000088600000| Untracked 
| 115|0x0000000088700000, 0x0000000088700000, 0x0000000088800000|  0%| F|  |TAMS 0x0000000088700000, 0x0000000088700000| Untracked 
| 116|0x0000000088800000, 0x0000000088800000, 0x0000000088900000|  0%| F|  |TAMS 0x0000000088800000, 0x0000000088800000| Untracked 
| 117|0x0000000088900000, 0x0000000088900000, 0x0000000088a00000|  0%| F|  |TAMS 0x0000000088900000, 0x0000000088900000| Untracked 
| 118|0x0000000088a00000, 0x0000000088ae9ae0, 0x0000000088b00000| 91%| E|  |TAMS 0x0000000088a00000, 0x0000000088a00000| Complete 
| 119|0x0000000088b00000, 0x0000000088c00000, 0x0000000088c00000|100%| E|CS|TAMS 0x0000000088b00000, 0x0000000088b00000| Complete 
| 120|0x0000000088c00000, 0x0000000088d00000, 0x0000000088d00000|100%| E|CS|TAMS 0x0000000088c00000, 0x0000000088c00000| Complete 
| 121|0x0000000088d00000, 0x0000000088e00000, 0x0000000088e00000|100%| E|  |TAMS 0x0000000088d00000, 0x0000000088d00000| Complete 
| 122|0x0000000088e00000, 0x0000000088f00000, 0x0000000088f00000|100%| E|CS|TAMS 0x0000000088e00000, 0x0000000088e00000| Complete 
| 123|0x0000000088f00000, 0x0000000089000000, 0x0000000089000000|100%| E|CS|TAMS 0x0000000088f00000, 0x0000000088f00000| Complete 
| 124|0x0000000089000000, 0x0000000089100000, 0x0000000089100000|100%| E|CS|TAMS 0x0000000089000000, 0x0000000089000000| Complete 
| 125|0x0000000089100000, 0x0000000089200000, 0x0000000089200000|100%| E|CS|TAMS 0x0000000089100000, 0x0000000089100000| Complete 
| 126|0x0000000089200000, 0x0000000089300000, 0x0000000089300000|100%| E|CS|TAMS 0x0000000089200000, 0x0000000089200000| Complete 
| 127|0x0000000089300000, 0x0000000089400000, 0x0000000089400000|100%| E|CS|TAMS 0x0000000089300000, 0x0000000089300000| Complete 

Card table byte_map: [0x000001767d1d0000,0x000001767d5d0000] _byte_map_base: 0x000001767cdc6000

Marking Bits (Prev, Next): (CMBitMap*) 0x00000176662526a0, (CMBitMap*) 0x00000176662526e0
 Prev Bits: [0x000001767d9d0000, 0x000001767f980000)
 Next Bits: [0x0000017600000000, 0x0000017601fb0000)

Polling page: 0x00000176641b0000

Metaspace:

Usage:
  Non-class:      7.86 MB used.
      Class:      1.12 MB used.
       Both:      8.99 MB used.

Virtual space:
  Non-class space:       64.00 MB reserved,       8.00 MB ( 12%) committed,  1 nodes.
      Class space:        1.00 GB reserved,       1.25 MB ( <1%) committed,  1 nodes.
             Both:        1.06 GB reserved,       9.25 MB ( <1%) committed. 

Chunk freelists:
   Non-Class:  7.22 MB
       Class:  14.64 MB
        Both:  21.86 MB

MaxMetaspaceSize: unlimited
CompressedClassSpaceSize: 1.00 GB
Initial GC threshold: 21.00 MB
Current GC threshold: 21.00 MB
CDS: on
MetaspaceReclaimPolicy: balanced
 - commit_granule_bytes: 65536.
 - commit_granule_words: 8192.
 - virtual_space_node_default_size: 8388608.
 - enlarge_chunks_in_place: 1.
 - new_chunks_are_fully_committed: 0.
 - uncommit_free_chunks: 1.
 - use_allocation_guard: 0.
 - handle_deallocations: 1.


Internal statistics:

num_allocs_failed_limit: 0.
num_arena_births: 158.
num_arena_deaths: 0.
num_vsnodes_births: 2.
num_vsnodes_deaths: 0.
num_space_committed: 148.
num_space_uncommitted: 0.
num_chunks_returned_to_freelist: 0.
num_chunks_taken_from_freelist: 454.
num_chunk_merges: 0.
num_chunk_splits: 283.
num_chunks_enlarged: 208.
num_purges: 0.
num_inconsistent_stats: 0.

CodeHeap 'non-profiled nmethods': size=120000Kb used=498Kb max_used=498Kb free=119502Kb
 bounds [0x0000017675570000, 0x00000176757e0000, 0x000001767caa0000]
CodeHeap 'profiled nmethods': size=120000Kb used=2569Kb max_used=2569Kb free=117430Kb
 bounds [0x000001766daa0000, 0x000001766dd30000, 0x0000017674fd0000]
CodeHeap 'non-nmethods': size=5760Kb used=1161Kb max_used=1170Kb free=4598Kb
 bounds [0x0000017674fd0000, 0x0000017675240000, 0x0000017675570000]
 total_blobs=1912 nmethods=1466 adapters=358
 compilation: enabled
              stopped_count=0, restarted_count=0
 full_count=0

Compilation events (20 events):
Event: 2.368 Thread 0x000001760435ca60 nmethod 1451 0x00000176755eb410 code [0x00000176755eb5c0, 0x00000176755ebd18]
Event: 2.368 Thread 0x000001760435ca60 1452       4       jdk.internal.loader.URLClassPath::getResource (74 bytes)
Event: 2.377 Thread 0x0000017604361420 1453       3       ch.qos.logback.classic.util.LoggerNameUtil::getSeparatorIndexOf (53 bytes)
Event: 2.377 Thread 0x0000017604361420 nmethod 1453 0x000001766dd1c090 code [0x000001766dd1c2c0, 0x000001766dd1c978]
Event: 2.377 Thread 0x0000017604361420 1454       3       java.util.Arrays::equals (43 bytes)
Event: 2.378 Thread 0x0000017604361420 nmethod 1454 0x000001766dd1cb90 code [0x000001766dd1cd60, 0x000001766dd1d048]
Event: 2.386 Thread 0x0000017604361420 1455       3       jdk.internal.module.Builder::newExports (11 bytes)
Event: 2.386 Thread 0x0000017604361420 nmethod 1455 0x000001766dd1d110 code [0x000001766dd1d2c0, 0x000001766dd1d408]
Event: 2.386 Thread 0x0000017604361420 1456       3       java.lang.module.ModuleDescriptor$1::newExports (14 bytes)
Event: 2.386 Thread 0x0000017604361420 nmethod 1456 0x000001766dd1d490 code [0x000001766dd1d640, 0x000001766dd1d9d8]
Event: 2.386 Thread 0x0000017604361420 1458       3       java.util.ImmutableCollections$SetN::<init> (90 bytes)
Event: 2.388 Thread 0x0000017604361420 nmethod 1458 0x000001766dd1db10 code [0x000001766dd1ddc0, 0x000001766dd1eb98]
Event: 2.388 Thread 0x0000017604361420 1457       3       java.lang.module.ModuleDescriptor$Exports::equals (60 bytes)
Event: 2.389 Thread 0x0000017604361420 nmethod 1457 0x000001766dd1f010 code [0x000001766dd1f220, 0x000001766dd1fba8]
Event: 2.389 Thread 0x0000017604361420 1459       3       java.util.ImmutableCollections$Set12::hashCode (30 bytes)
Event: 2.389 Thread 0x0000017604361420 nmethod 1459 0x000001766dd1fd90 code [0x000001766dd1ff40, 0x000001766dd20258]
Event: 2.389 Thread 0x0000017604361420 1461       3       java.net.URI::toLower (19 bytes)
Event: 2.389 Thread 0x0000017604361420 nmethod 1461 0x000001766dd20390 code [0x000001766dd20520, 0x000001766dd206b8]
Event: 2.389 Thread 0x0000017604361420 1462       3       java.net.URI::hash (33 bytes)
Event: 2.390 Thread 0x0000017604361420 nmethod 1462 0x000001766dd20790 code [0x000001766dd20980, 0x000001766dd20e18]

GC Heap History (2 events):
Event: 1.992 GC heap before
{Heap before GC invocations=0 (full 0):
 garbage-first heap   total 131072K, used 22528K [0x0000000081400000, 0x0000000100000000)
  region size 1024K, 23 young (23552K), 0 survivors (0K)
 Metaspace       used 6729K, committed 6912K, reserved 1114112K
  class space    used 798K, committed 896K, reserved 1048576K
}
Event: 2.005 GC heap after
{Heap after GC invocations=1 (full 0):
 garbage-first heap   total 131072K, used 5504K [0x0000000081400000, 0x0000000100000000)
  region size 1024K, 3 young (3072K), 3 survivors (3072K)
 Metaspace       used 6729K, committed 6912K, reserved 1114112K
  class space    used 798K, committed 896K, reserved 1048576K
}

Deoptimization events (20 events):
Event: 2.008 Thread 0x00000176661f5e60 Uncommon trap: trap_request=0xffffffde fr.pc=0x00000176755c51d4 relative=0x00000000000009d4
Event: 2.008 Thread 0x00000176661f5e60 Uncommon trap: reason=class_check action=maybe_recompile pc=0x00000176755c51d4 method=java.util.HashMap.putVal(ILjava/lang/Object;Ljava/lang/Object;ZZ)Ljava/lang/Object; @ 91 c2
Event: 2.008 Thread 0x00000176661f5e60 DEOPT PACKING pc=0x00000176755c51d4 sp=0x00000069a4efe190
Event: 2.008 Thread 0x00000176661f5e60 DEOPT UNPACKING pc=0x00000176750223a3 sp=0x00000069a4efe130 mode 2
Event: 2.288 Thread 0x00000176661f5e60 Uncommon trap: trap_request=0xffffffde fr.pc=0x00000176755e89c8 relative=0x0000000000000128
Event: 2.288 Thread 0x00000176661f5e60 Uncommon trap: reason=class_check action=maybe_recompile pc=0x00000176755e89c8 method=jdk.internal.misc.Unsafe.allocateUninitializedArray(Ljava/lang/Class;I)Ljava/lang/Object; @ 51 c2
Event: 2.288 Thread 0x00000176661f5e60 DEOPT PACKING pc=0x00000176755e89c8 sp=0x00000069a4efd380
Event: 2.288 Thread 0x00000176661f5e60 DEOPT UNPACKING pc=0x00000176750223a3 sp=0x00000069a4efd308 mode 2
Event: 2.288 Thread 0x00000176661f5e60 Uncommon trap: trap_request=0xffffffde fr.pc=0x00000176755e89c8 relative=0x0000000000000128
Event: 2.288 Thread 0x00000176661f5e60 Uncommon trap: reason=class_check action=maybe_recompile pc=0x00000176755e89c8 method=jdk.internal.misc.Unsafe.allocateUninitializedArray(Ljava/lang/Class;I)Ljava/lang/Object; @ 51 c2
Event: 2.288 Thread 0x00000176661f5e60 DEOPT PACKING pc=0x00000176755e89c8 sp=0x00000069a4efcf80
Event: 2.288 Thread 0x00000176661f5e60 DEOPT UNPACKING pc=0x00000176750223a3 sp=0x00000069a4efcf08 mode 2
Event: 2.288 Thread 0x00000176661f5e60 Uncommon trap: trap_request=0xffffffde fr.pc=0x00000176755e89c8 relative=0x0000000000000128
Event: 2.288 Thread 0x00000176661f5e60 Uncommon trap: reason=class_check action=maybe_recompile pc=0x00000176755e89c8 method=jdk.internal.misc.Unsafe.allocateUninitializedArray(Ljava/lang/Class;I)Ljava/lang/Object; @ 51 c2
Event: 2.288 Thread 0x00000176661f5e60 DEOPT PACKING pc=0x00000176755e89c8 sp=0x00000069a4efd380
Event: 2.288 Thread 0x00000176661f5e60 DEOPT UNPACKING pc=0x00000176750223a3 sp=0x00000069a4efd308 mode 2
Event: 2.288 Thread 0x00000176661f5e60 Uncommon trap: trap_request=0xffffffde fr.pc=0x00000176755e89c8 relative=0x0000000000000128
Event: 2.288 Thread 0x00000176661f5e60 Uncommon trap: reason=class_check action=maybe_recompile pc=0x00000176755e89c8 method=jdk.internal.misc.Unsafe.allocateUninitializedArray(Ljava/lang/Class;I)Ljava/lang/Object; @ 51 c2
Event: 2.288 Thread 0x00000176661f5e60 DEOPT PACKING pc=0x00000176755e89c8 sp=0x00000069a4efcf80
Event: 2.289 Thread 0x00000176661f5e60 DEOPT UNPACKING pc=0x00000176750223a3 sp=0x00000069a4efcf08 mode 2

Classes unloaded (0 events):
No events

Classes redefined (0 events):
No events

Internal exceptions (20 events):
Event: 1.922 Thread 0x00000176661f5e60 Exception <a 'java/lang/NoSuchMethodError'{0x0000000087fd8f18}: 'java.lang.Object java.lang.invoke.DirectMethodHandle$Holder.newInvokeSpecial(java.lang.Object, java.lang.Object, java.lang.Object, java.lang.Object, java.lang.Object, java.lang.Object, int)'> (0x0000000087fd8f18) 
thrown [s\open\src\hotspot\share\interpreter\linkResolver.cpp, line 759]
Event: 1.922 Thread 0x00000176661f5e60 Exception <a 'java/lang/NoSuchMethodError'{0x0000000087fddf58}: 'java.lang.Object java.lang.invoke.DirectMethodHandle$Holder.invokeSpecial(java.lang.Object, java.lang.Object, java.lang.Object, java.lang.Object, java.lang.Object, java.lang.Object, java.lang.Object, int)'> (0x0000000087fddf58) 
thrown [s\open\src\hotspot\share\interpreter\linkResolver.cpp, line 759]
Event: 2.010 Thread 0x00000176661f5e60 Exception <a 'java/lang/NoSuchMethodError'{0x0000000089307058}: 'int java.lang.invoke.DirectMethodHandle$Holder.invokeInterface(java.lang.Object, java.lang.Object)'> (0x0000000089307058) 
thrown [s\open\src\hotspot\share\interpreter\linkResolver.cpp, line 759]
Event: 2.039 Thread 0x00000176661f5e60 Exception <a 'java/lang/NoSuchMethodError'{0x00000000893706f0}: 'int java.lang.invoke.DirectMethodHandle$Holder.invokeVirtual(java.lang.Object, java.lang.Object)'> (0x00000000893706f0) 
thrown [s\open\src\hotspot\share\interpreter\linkResolver.cpp, line 759]
Event: 2.083 Thread 0x00000176661f5e60 Exception <a 'java/lang/NoSuchMethodError'{0x000000008926ba00}: 'java.lang.Object java.lang.invoke.DirectMethodHandle$Holder.invokeSpecial(java.lang.Object, java.lang.Object, java.lang.Object, int, java.lang.Object)'> (0x000000008926ba00) 
thrown [s\open\src\hotspot\share\interpreter\linkResolver.cpp, line 759]
Event: 2.084 Thread 0x00000176661f5e60 Exception <a 'java/lang/NoSuchMethodError'{0x0000000089274060}: 'java.lang.Object java.lang.invoke.DirectMethodHandle$Holder.newInvokeSpecial(java.lang.Object, java.lang.Object, java.lang.Object, int, java.lang.Object)'> (0x0000000089274060) 
thrown [s\open\src\hotspot\share\interpreter\linkResolver.cpp, line 759]
Event: 2.086 Thread 0x00000176661f5e60 Exception <a 'java/lang/NoSuchMethodError'{0x000000008927ba30}: 'java.lang.Object java.lang.invoke.Invokers$Holder.linkToTargetMethod(java.lang.Object, java.lang.Object, int, java.lang.Object, java.lang.Object)'> (0x000000008927ba30) 
thrown [s\open\src\hotspot\share\interpreter\linkResolver.cpp, line 759]
Event: 2.088 Thread 0x00000176661f5e60 Exception <a 'java/lang/NoSuchMethodError'{0x000000008928acb8}: 'java.lang.Object java.lang.invoke.DirectMethodHandle$Holder.newInvokeSpecial(java.lang.Object, int, java.lang.Object)'> (0x000000008928acb8) 
thrown [s\open\src\hotspot\share\interpreter\linkResolver.cpp, line 759]
Event: 2.089 Thread 0x00000176661f5e60 Exception <a 'java/lang/NoSuchMethodError'{0x000000008928fa20}: 'int java.lang.invoke.DirectMethodHandle$Holder.invokeSpecialIFC(java.lang.Object, java.lang.Object, java.lang.Object, java.lang.Object)'> (0x000000008928fa20) 
thrown [s\open\src\hotspot\share\interpreter\linkResolver.cpp, line 759]
Event: 2.130 Thread 0x00000176661f5e60 Exception <a 'java/lang/NoSuchMethodError'{0x0000000089159488}: 'void java.lang.invoke.DirectMethodHandle$Holder.invokeInterface(java.lang.Object, java.lang.Object, java.lang.Object)'> (0x0000000089159488) 
thrown [s\open\src\hotspot\share\interpreter\linkResolver.cpp, line 759]
Event: 2.173 Thread 0x00000176661f5e60 Exception <a 'java/lang/NoSuchMethodError'{0x00000000891c53c8}: 'void java.lang.invoke.DirectMethodHandle$Holder.invokeStaticInit(java.lang.Object, java.lang.Object)'> (0x00000000891c53c8) 
thrown [s\open\src\hotspot\share\interpreter\linkResolver.cpp, line 759]
Event: 2.177 Thread 0x00000176661f5e60 Exception <a 'java/lang/NoSuchMethodError'{0x00000000891d18e8}: 'void java.lang.invoke.DirectMethodHandle$Holder.invokeStaticInit(java.lang.Object, java.lang.Object, java.lang.Object)'> (0x00000000891d18e8) 
thrown [s\open\src\hotspot\share\interpreter\linkResolver.cpp, line 759]
Event: 2.191 Thread 0x00000176661f5e60 Exception <a 'java/lang/NoSuchMethodError'{0x000000008900e590}: 'java.lang.Object java.lang.invoke.DirectMethodHandle$Holder.invokeStatic(java.lang.Object, java.lang.Object, long, java.lang.Object)'> (0x000000008900e590) 
thrown [s\open\src\hotspot\share\interpreter\linkResolver.cpp, line 759]
Event: 2.193 Thread 0x00000176661f5e60 Exception <a 'java/lang/NoSuchMethodError'{0x0000000089012028}: 'java.lang.Object java.lang.invoke.DirectMethodHandle$Holder.invokeStaticInit(java.lang.Object, java.lang.Object, long, java.lang.Object)'> (0x0000000089012028) 
thrown [s\open\src\hotspot\share\interpreter\linkResolver.cpp, line 759]
Event: 2.194 Thread 0x00000176661f5e60 Exception <a 'java/lang/NoSuchMethodError'{0x0000000089018768}: 'java.lang.Object java.lang.invoke.DirectMethodHandle$Holder.newInvokeSpecial(java.lang.Object, java.lang.Object, long)'> (0x0000000089018768) 
thrown [s\open\src\hotspot\share\interpreter\linkResolver.cpp, line 759]
Event: 2.195 Thread 0x00000176661f5e60 Exception <a 'java/lang/NoSuchMethodError'{0x000000008901c2d8}: 'java.lang.Object java.lang.invoke.Invokers$Holder.linkToTargetMethod(java.lang.Object, long, java.lang.Object)'> (0x000000008901c2d8) 
thrown [s\open\src\hotspot\share\interpreter\linkResolver.cpp, line 759]
Event: 2.225 Thread 0x00000176661f5e60 Exception <a 'java/lang/NoSuchMethodError'{0x00000000890651e8}: 'void java.lang.invoke.DirectMethodHandle$Holder.invokeVirtual(java.lang.Object, java.lang.Object, java.lang.Object, java.lang.Object)'> (0x00000000890651e8) 
thrown [s\open\src\hotspot\share\interpreter\linkResolver.cpp, line 759]
Event: 2.315 Thread 0x00000176661f5e60 Exception <a 'java/lang/NoSuchMethodError'{0x0000000088faf8b0}: 'void java.lang.invoke.DirectMethodHandle$Holder.invokeSpecial(java.lang.Object, java.lang.Object, java.lang.Object)'> (0x0000000088faf8b0) 
thrown [s\open\src\hotspot\share\interpreter\linkResolver.cpp, line 759]
Event: 2.317 Thread 0x00000176661f5e60 Exception <a 'java/lang/NoSuchMethodError'{0x0000000088fb5e88}: 'void java.lang.invoke.DirectMethodHandle$Holder.invokeSpecial(java.lang.Object, java.lang.Object, java.lang.Object, java.lang.Object, java.lang.Object)'> (0x0000000088fb5e88) 
thrown [s\open\src\hotspot\share\interpreter\linkResolver.cpp, line 759]
Event: 2.330 Thread 0x00000176661f5e60 Exception <a 'java/lang/IncompatibleClassChangeError'{0x0000000088fe1dd8}: Found class java.lang.Object, but interface was expected> (0x0000000088fe1dd8) 
thrown [s\open\src\hotspot\share\interpreter\linkResolver.cpp, line 826]

VM Operations (18 events):
Event: 0.147 Executing VM operation: HandshakeAllThreads
Event: 0.147 Executing VM operation: HandshakeAllThreads done
Event: 0.447 Executing VM operation: HandshakeAllThreads
Event: 0.447 Executing VM operation: HandshakeAllThreads done
Event: 0.561 Executing VM operation: HandshakeAllThreads
Event: 0.561 Executing VM operation: HandshakeAllThreads done
Event: 1.503 Executing VM operation: HandshakeAllThreads
Event: 1.504 Executing VM operation: HandshakeAllThreads done
Event: 1.504 Executing VM operation: Cleanup
Event: 1.504 Executing VM operation: Cleanup done
Event: 1.990 Executing VM operation: G1CollectForAllocation
Event: 2.005 Executing VM operation: G1CollectForAllocation done
Event: 2.033 Executing VM operation: HandshakeAllThreads
Event: 2.033 Executing VM operation: HandshakeAllThreads done
Event: 2.307 Executing VM operation: HandshakeAllThreads
Event: 2.307 Executing VM operation: HandshakeAllThreads done
Event: 2.307 Executing VM operation: HandshakeAllThreads
Event: 2.307 Executing VM operation: HandshakeAllThreads done

Events (20 events):
Event: 2.339 loading class sun/nio/cs/IBM850
Event: 2.339 loading class sun/nio/cs/IBM850 done
Event: 2.340 loading class java/io/Console$2
Event: 2.340 loading class jdk/internal/access/JavaIOAccess
Event: 2.340 loading class jdk/internal/access/JavaIOAccess done
Event: 2.340 loading class java/io/Console$2 done
Event: 2.362 loading class java/lang/AssertionError
Event: 2.363 loading class java/lang/AssertionError done
Event: 2.368 loading class java/lang/InstantiationException
Event: 2.369 loading class java/lang/InstantiationException done
Event: 2.383 loading class java/util/zip/ZipException
Event: 2.383 loading class java/util/zip/ZipException done
Event: 2.383 loading class java/nio/file/FileSystemNotFoundException
Event: 2.384 loading class java/nio/file/FileSystemNotFoundException done
Event: 2.385 loading class sun/nio/fs/ExtendedFileSystemProvider
Event: 2.385 loading class sun/nio/fs/ExtendedFileSystemProvider done
Event: 2.392 loading class java/util/regex/PatternSyntaxException
Event: 2.393 loading class java/util/regex/PatternSyntaxException done
Event: 2.393 loading class javax/xml/stream/XMLStreamException
Event: 2.393 loading class javax/xml/stream/XMLStreamException done


Dynamic libraries:
0x00007ff7d1cd0000 - 0x00007ff7d1ce0000 	C:\Program Files\Java\jdk-17\bin\java.exe
0x00007ffd9c4f0000 - 0x00007ffd9c6e8000 	C:\Windows\SYSTEM32\ntdll.dll
0x00007ffd9ac60000 - 0x00007ffd9ad1f000 	C:\Windows\System32\KERNEL32.DLL
0x00007ffd99e20000 - 0x00007ffd9a116000 	C:\Windows\System32\KERNELBASE.dll
0x00007ffd99ba0000 - 0x00007ffd99ca0000 	C:\Windows\System32\ucrtbase.dll
0x00007ffd90050000 - 0x00007ffd9006b000 	C:\Program Files\Java\jdk-17\bin\VCRUNTIME140.dll
0x00007ffd90a30000 - 0x00007ffd90a49000 	C:\Program Files\Java\jdk-17\bin\jli.dll
0x00007ffd9c3d0000 - 0x00007ffd9c47f000 	C:\Windows\System32\ADVAPI32.dll
0x00007ffd9a760000 - 0x00007ffd9a7fe000 	C:\Windows\System32\msvcrt.dll
0x00007ffd9a520000 - 0x00007ffd9a5bc000 	C:\Windows\System32\sechost.dll
0x00007ffd9bf00000 - 0x00007ffd9c026000 	C:\Windows\System32\RPCRT4.dll
0x00007ffd9a9e0000 - 0x00007ffd9ab7d000 	C:\Windows\System32\USER32.dll
0x00007ffd9a2d0000 - 0x00007ffd9a2f2000 	C:\Windows\System32\win32u.dll
0x00007ffd837d0000 - 0x00007ffd83a6a000 	C:\Windows\WinSxS\amd64_microsoft.windows.common-controls_6595b64144ccf1df_6.0.19041.1110_none_60b5254171f9507e\COMCTL32.dll
0x00007ffd9a800000 - 0x00007ffd9a82c000 	C:\Windows\System32\GDI32.dll
0x00007ffd9a300000 - 0x00007ffd9a415000 	C:\Windows\System32\gdi32full.dll
0x00007ffd99cd0000 - 0x00007ffd99d6d000 	C:\Windows\System32\msvcp_win.dll
0x00007ffd93450000 - 0x00007ffd9345a000 	C:\Windows\SYSTEM32\VERSION.dll
0x00007ffd9ab80000 - 0x00007ffd9abb0000 	C:\Windows\System32\IMM32.DLL
0x00007ffd93300000 - 0x00007ffd9330c000 	C:\Program Files\Java\jdk-17\bin\vcruntime140_1.dll
0x00007ffd74330000 - 0x00007ffd743be000 	C:\Program Files\Java\jdk-17\bin\msvcp140.dll
0x00007ffd5f1a0000 - 0x00007ffd5fd7e000 	C:\Program Files\Java\jdk-17\bin\server\jvm.dll
0x00007ffd9a740000 - 0x00007ffd9a748000 	C:\Windows\System32\PSAPI.DLL
0x00007ffd95650000 - 0x00007ffd95659000 	C:\Windows\SYSTEM32\WSOCK32.dll
0x00007ffd9bad0000 - 0x00007ffd9bb3b000 	C:\Windows\System32\WS2_32.dll
0x00007ffd81d80000 - 0x00007ffd81da7000 	C:\Windows\SYSTEM32\WINMM.dll
0x00007ffd983c0000 - 0x00007ffd983d2000 	C:\Windows\SYSTEM32\kernel.appcore.dll
0x00007ffd916e0000 - 0x00007ffd916ea000 	C:\Program Files\Java\jdk-17\bin\jimage.dll
0x00007ffd97900000 - 0x00007ffd97ae4000 	C:\Windows\SYSTEM32\DBGHELP.DLL
0x00007ffd81fe0000 - 0x00007ffd82014000 	C:\Windows\SYSTEM32\dbgcore.DLL
0x00007ffd9a490000 - 0x00007ffd9a512000 	C:\Windows\System32\bcryptPrimitives.dll
0x00007ffd93c50000 - 0x00007ffd93c5e000 	C:\Program Files\Java\jdk-17\bin\instrument.dll
0x00007ffd89210000 - 0x00007ffd89235000 	C:\Program Files\Java\jdk-17\bin\java.dll
0x00007ffd66430000 - 0x00007ffd66507000 	C:\Program Files\Java\jdk-17\bin\jsvml.dll
0x00007ffd9b260000 - 0x00007ffd9b9a4000 	C:\Windows\System32\SHELL32.dll
0x00007ffd97be0000 - 0x00007ffd98373000 	C:\Windows\SYSTEM32\windows.storage.dll
0x00007ffd9bba0000 - 0x00007ffd9bef4000 	C:\Windows\System32\combase.dll
0x00007ffd99500000 - 0x00007ffd9952e000 	C:\Windows\SYSTEM32\Wldp.dll
0x00007ffd9ba10000 - 0x00007ffd9babd000 	C:\Windows\System32\SHCORE.dll
0x00007ffd9a6e0000 - 0x00007ffd9a735000 	C:\Windows\System32\shlwapi.dll
0x00007ffd99ad0000 - 0x00007ffd99af5000 	C:\Windows\SYSTEM32\profapi.dll
0x00007ffd847a0000 - 0x00007ffd847b8000 	C:\Program Files\Java\jdk-17\bin\zip.dll
0x00007ffd86210000 - 0x00007ffd86229000 	C:\Program Files\Java\jdk-17\bin\net.dll
0x00007ffd92b60000 - 0x00007ffd92c6a000 	C:\Windows\SYSTEM32\WINHTTP.dll
0x00007ffd992e0000 - 0x00007ffd9934a000 	C:\Windows\system32\mswsock.dll
0x00007ffd847c0000 - 0x00007ffd847d6000 	C:\Program Files\Java\jdk-17\bin\nio.dll
0x00007ffd81e30000 - 0x00007ffd81e4a000 	C:\Program Files\JetBrains\IntelliJ IDEA Community Edition 2023.1.4\bin\breakgen64.dll

dbghelp: loaded successfully - version: 4.0.5 - missing functions: none
symbol engine: initialized successfully - sym options: 0x614 - pdb path: .;C:\Program Files\Java\jdk-17\bin;C:\Windows\SYSTEM32;C:\Windows\WinSxS\amd64_microsoft.windows.common-controls_6595b64144ccf1df_6.0.19041.1110_none_60b5254171f9507e;C:\Program Files\Java\jdk-17\bin\server;C:\Program Files\JetBrains\IntelliJ IDEA Community Edition 2023.1.4\bin

VM Arguments:
jvm_args: -javaagent:C:\Program Files\JetBrains\IntelliJ IDEA Community Edition 2023.1.4\lib\idea_rt.jar=51550:C:\Program Files\JetBrains\IntelliJ IDEA Community Edition 2023.1.4\bin -Dfile.encoding=UTF-8 
java_command: com.test.springbootkafka.SpringbootKafkaApplication
java_class_path (initial): C:\Users\hp\Desktop\springboot-kafka\target\classes;C:\Users\hp\.m2\repository\org\springframework\boot\spring-boot-starter-web\3.1.2\spring-boot-starter-web-3.1.2.jar;C:\Users\hp\.m2\repository\org\springframework\boot\spring-boot-starter\3.1.2\spring-boot-starter-3.1.2.jar;C:\Users\hp\.m2\repository\org\springframework\boot\spring-boot\3.1.2\spring-boot-3.1.2.jar;C:\Users\hp\.m2\repository\org\springframework\boot\spring-boot-autoconfigure\3.1.2\spring-boot-autoconfigure-3.1.2.jar;C:\Users\hp\.m2\repository\org\springframework\boot\spring-boot-starter-logging\3.1.2\spring-boot-starter-logging-3.1.2.jar;C:\Users\hp\.m2\repository\ch\qos\logback\logback-classic\1.4.8\logback-classic-1.4.8.jar;C:\Users\hp\.m2\repository\ch\qos\logback\logback-core\1.4.8\logback-core-1.4.8.jar;C:\Users\hp\.m2\repository\org\apache\logging\log4j\log4j-to-slf4j\2.20.0\log4j-to-slf4j-2.20.0.jar;C:\Users\hp\.m2\repository\org\apache\logging\log4j\log4j-api\2.20.0\log4j-api-2.20.0.jar;C:\Users\hp\.m2\repository\org\slf4j\jul-to-slf4j\2.0.7\jul-to-slf4j-2.0.7.jar;C:\Users\hp\.m2\repository\jakarta\annotation\jakarta.annotation-api\2.1.1\jakarta.annotation-api-2.1.1.jar;C:\Users\hp\.m2\repository\org\yaml\snakeyaml\1.33\snakeyaml-1.33.jar;C:\Users\hp\.m2\repository\org\springframework\boot\spring-boot-starter-json\3.1.2\spring-boot-starter-json-3.1.2.jar;C:\Users\hp\.m2\repository\com\fasterxml\jackson\core\jackson-databind\2.15.2\jackson-databind-2.15.2.jar;C:\Users\hp\.m2\repository\com\fasterxml\jackson\core\jackson-annotations\2.15.2\jackson-annotations-2.15.2.jar;C:\Users\hp\.m2\repository\com\fasterxml\jackson\core\jackson-core\2.15.2\jackson-core-2.15.2.jar;C:\Users\hp\.m2\repository\com\fasterxml\jackson\datatype\jackson-datatype-jdk8\2.15.2\jackson-datatype-jdk8-2.15.2.jar;C:\Users\hp\.m2\repository\com\fasterxml\jackson\datatype\jackson-datatype-jsr310\2.15.2\jackson-datatype-jsr310-2.15.2.jar;C:\Users\hp\.m2\repository\com\fasterxml\jackson\module\jack
Launcher Type: SUN_STANDARD

[Global flags]
     intx CICompilerCount                          = 4                                         {product} {ergonomic}
     uint ConcGCThreads                            = 2                                         {product} {ergonomic}
     uint G1ConcRefinementThreads                  = 8                                         {product} {ergonomic}
   size_t G1HeapRegionSize                         = 1048576                                   {product} {ergonomic}
    uintx GCDrainStackTargetSize                   = 64                                        {product} {ergonomic}
   size_t InitialHeapSize                          = 134217728                                 {product} {ergonomic}
   size_t MarkStackSize                            = 4194304                                   {product} {ergonomic}
   size_t MaxHeapSize                              = 2126512128                                {product} {ergonomic}
   size_t MaxNewSize                               = 1275068416                                {product} {ergonomic}
   size_t MinHeapDeltaBytes                        = 1048576                                   {product} {ergonomic}
   size_t MinHeapSize                              = 8388608                                   {product} {ergonomic}
    uintx NonNMethodCodeHeapSize                   = 5839372                                {pd product} {ergonomic}
    uintx NonProfiledCodeHeapSize                  = 122909434                              {pd product} {ergonomic}
    uintx ProfiledCodeHeapSize                     = 122909434                              {pd product} {ergonomic}
    uintx ReservedCodeCacheSize                    = 251658240                              {pd product} {ergonomic}
     bool SegmentedCodeCache                       = true                                      {product} {ergonomic}
   size_t SoftMaxHeapSize                          = 2126512128                             {manageable} {ergonomic}
     bool UseCompressedClassPointers               = true                           {product lp64_product} {ergonomic}
     bool UseCompressedOops                        = true                           {product lp64_product} {ergonomic}
     bool UseG1GC                                  = true                                      {product} {ergonomic}
     bool UseLargePagesIndividualAllocation        = false                                  {pd product} {ergonomic}

Logging:
Log output configuration:
 #0: stdout all=warning uptime,level,tags
 #1: stderr all=off uptime,level,tags

Environment Variables:
PATH=C:\Python311\Scripts\;C:\Python311\;C:\Program Files\Common Files\Oracle\Java\javapath;C:\Windows\system32;C:\Windows;C:\Windows\System32\Wbem;C:\Windows\System32\WindowsPowerShell\v1.0\;C:\Windows\System32\OpenSSH\;C:\Program Files (x86)\NVIDIA Corporation\PhysX\Common;C:\Program Files\NVIDIA Corporation\NVIDIA NvDLISR;C:\Program Files\Docker\Docker\resources\bin;C:\Program Files\Java\jdk-17;C:\Program Files\nodejs\;C:\ProgramData\chocolatey\bin;C:\Users\hp\AppData\Local\Microsoft\WindowsApps;;C:\Program Files\JetBrains\IntelliJ IDEA Community Edition 2023.1.4\bin;;C:\Users\hp\AppData\Local\Programs\Microsoft VS Code\bin;C:\Users\hp\AppData\Roaming\npm
USERNAME=hp
OS=Windows_NT
PROCESSOR_IDENTIFIER=Intel64 Family 6 Model 142 Stepping 10, GenuineIntel



---------------  S Y S T E M  ---------------

OS:
 Windows 10 , 64 bit Build 19041 (10.0.19041.3155)
OS uptime: 0 days 20:29 hours
Hyper-V role detected

CPU: total 8 (initial active 8) (4 cores per cpu, 2 threads per core) family 6 model 142 stepping 10 microcode 0xb4, cx8, cmov, fxsr, ht, mmx, 3dnowpref, sse, sse2, sse3, ssse3, sse4.1, sse4.2, popcnt, lzcnt, tsc, tscinvbit, avx, avx2, aes, erms, clmul, bmi1, bmi2, adx, fma, vzeroupper, clflush, clflushopt, hv

Memory: 4k page, system-wide physical 8107M (48M free)
TotalPageFile size 32683M (AvailPageFile size 0M)
current process WorkingSet (physical memory assigned to process): 85M, peak: 85M
current process commit charge ("private bytes"): 230M, peak: 230M

vm_info: Java HotSpot(TM) 64-Bit Server VM (17.0.8+9-LTS-211) for windows-amd64 JRE (17.0.8+9-LTS-211), built on Jun 14 2023 10:34:31 by "mach5one" with MS VC++ 17.1 (VS2022)

END.
